<?xml version="1.0" encoding="UTF-8" ?>
<testsuite failures="0" time="0.072" errors="0" skipped="0" tests="6" name="com.inkglobal.techtest.TestBerlinClock">
  <properties>
[...]
</properties>
  <testcase time="0.008" classname="com.inkglobal.techtest.TestBerlinClock" name="testFullBerlinClockInput"/>
  <testcase time="0" classname="com.inkglobal.techtest.TestBerlinClock" name="testBerlinValidityForInput"/>
  <testcase time="0" classname="com.inkglobal.techtest.TestBerlinClock" name="testBerlinClockTopRow"/>
  <testcase time="0" classname="com.inkglobal.techtest.TestBerlinClock" name="testBerlinClockBottomSecondRow"/>
  <testcase time="0" classname="com.inkglobal.techtest.TestBerlinClock" name="testBerlinClockTopSecondRow"/>
  <testcase time="0" classname="com.inkglobal.techtest.TestBerlinClock" name="testBerlinClockBottomFirstRow"/>
</testsuite>